Arguments: 
  /home/a/.nvm/versions/node/v20.8.1/bin/node /mnt/c/Users/ms/AppData/Roaming/npm/node_modules/yarn/bin/yarn.js

PATH: 
  /home/a/.nvm/versions/node/v20.8.1/bin:/usr/local/sbin:/usr/local/bin:/usr/sbin:/usr/bin:/sbin:/bin:/usr/games:/usr/local/games:/usr/lib/wsl/lib:/mnt/c/Python311/Scripts/:/mnt/c/Python311/:/mnt/c/Windows/system32:/mnt/c/Windows:/mnt/c/Windows/System32/Wbem:/mnt/c/Windows/System32/WindowsPowerShell/v1.0/:/mnt/c/Windows/System32/OpenSSH/:/mnt/c/ProgramData/chocolatey/bin:/mnt/c/Program Files (x86)/NVIDIA Corporation/PhysX/Common:/mnt/c/Users/ms/AppData/Local/Microsoft/WindowsApps:/mnt/c/Android:/mnt/c/Users/ms/AppData/Roaming/nvm:/mnt/c/Program Files/nodejs:/mnt/c/Program Files/nodejs:/mnt/c/Program Files/Git/cmd:/mnt/c/Program Files/nodejs/:/mnt/c/Program Files/platform-tools:/mnt/c/Program Files/JetBrains/WebStorm 2022.3.4/bin:/mnt/c/Program Files/heroku/bin:/mnt/c/Program Files/JetBrains/RubyMine 2022.1.1/bin:/mnt/c/Users/ms/AppData/Roaming/npm:/snap/bin

Yarn version: 
  1.22.19

Node version: 
  20.8.1

Platform: 
  linux x64

Trace: 
  SyntaxError: /home/a/Projects/npm_packages/utils/package.json: Expected double-quoted property name in JSON at position 1325
      at JSON.parse (<anonymous>)
      at /mnt/c/Users/ms/AppData/Roaming/npm/node_modules/yarn/lib/cli.js:1629:59
      at Generator.next (<anonymous>)
      at step (/mnt/c/Users/ms/AppData/Roaming/npm/node_modules/yarn/lib/cli.js:310:30)
      at /mnt/c/Users/ms/AppData/Roaming/npm/node_modules/yarn/lib/cli.js:321:13

npm manifest: 
  {
    "private": false,
    "name": "@msalek/utils",
    "version": "1.5.0",
    "description": "",
    "main": "main/index.js",
    "types": "main/index.d.ts",
    "scripts": {
      "test": "echo \"Error: no test specified\" && exit 1",
      "cleanup": "rm -rf ./esm ./main",
      "b": "yarn && yarn cleanup && yarn build:esm && yarn build:cjs",
      "build:esm": "tsc --project tsconfig.json --module esnext --outDir esm",
      "build:cjs": "tsc --project tsconfig.json --module commonjs --outDir main",
      "release:major": "yarn b && npm version $(semver $npm_package_version -i major) && npm publish --tag latest && yarn commit-new-version",
      "release:minor": "yarn b && npm version $(semver $npm_package_version -i minor) && npm publish --tag latest && yarn commit-new-version",
      "release:patch": "yarn b && npm version $(semver $npm_package_version -i patch) && npm publish --tag latest && yarn commit-new-version",
      "commit-new-version": "git add package.json && git commit -m 'version dump' && git push",
      "npm-auth": "npm adduser"
    },
    "author": "Michał Sałek <contact@michalsalek.com> (michalsalek.com)",
    "license": "BSD-1-Clause",
    "dependencies": {
      "react": "^18",
      "tslib": "^2"
    },
    "devDependencies": {
      "@types/node": "^20",
      "semver": "^7",
      "typescript": "^5",
      "@types/react": "18^",
    }
  }

yarn manifest: 
  No manifest

Lockfile: 
  # THIS IS AN AUTOGENERATED FILE. DO NOT EDIT THIS FILE DIRECTLY.
  # yarn lockfile v1
  
  
  "@types/node@^20":
    version "20.10.1"
    resolved "https://registry.yarnpkg.com/@types/node/-/node-20.10.1.tgz#d2c96f356c3125fedc983d74c424910c3767141c"
    integrity sha512-T2qwhjWwGH81vUEx4EXmBKsTJRXFXNZTL4v0gi01+zyBmCwzE6TyHszqX01m+QHTEq+EZNo13NeJIdEqf+Myrg==
    dependencies:
      undici-types "~5.26.4"
  
  "js-tokens@^3.0.0 || ^4.0.0":
    version "4.0.0"
    resolved "https://registry.yarnpkg.com/js-tokens/-/js-tokens-4.0.0.tgz#19203fb59991df98e3a287050d4647cdeaf32499"
    integrity sha512-RdJUflcE3cUzKiMqQgsCu06FPu9UdIJO0beYbPhHN4k6apgJtifcoCtT9bcxOpYBtpD2kCM6Sbzg4CausW/PKQ==
  
  loose-envify@^1.1.0:
    version "1.4.0"
    resolved "https://registry.yarnpkg.com/loose-envify/-/loose-envify-1.4.0.tgz#71ee51fa7be4caec1a63839f7e682d8132d30caf"
    integrity sha512-lyuxPGr/Wfhrlem2CL/UcnUc1zcqKAImBDzukY7Y5F/yQiNdko6+fRLevlw1HgMySw7f611UIY408EtxRSoK3Q==
    dependencies:
      js-tokens "^3.0.0 || ^4.0.0"
  
  lru-cache@^6.0.0:
    version "6.0.0"
    resolved "https://registry.yarnpkg.com/lru-cache/-/lru-cache-6.0.0.tgz#6d6fe6570ebd96aaf90fcad1dafa3b2566db3a94"
    integrity sha512-Jo6dJ04CmSjuznwJSS3pUeWmd/H0ffTlkXXgwZi+eq1UCmqQwCh+eLsYOYCwY991i2Fah4h1BEMCx4qThGbsiA==
    dependencies:
      yallist "^4.0.0"
  
  react@^18:
    version "18.2.0"
    resolved "https://registry.yarnpkg.com/react/-/react-18.2.0.tgz#555bd98592883255fa00de14f1151a917b5d77d5"
    integrity sha512-/3IjMdb2L9QbBdWiW5e3P2/npwMBaU9mHCSCUzNln0ZCYbcfTsGbTJrU/kGemdH2IWmB2ioZ+zkxtmq6g09fGQ==
    dependencies:
      loose-envify "^1.1.0"
  
  semver@^7:
    version "7.5.4"
    resolved "https://registry.yarnpkg.com/semver/-/semver-7.5.4.tgz#483986ec4ed38e1c6c48c34894a9182dbff68a6e"
    integrity sha512-1bCSESV6Pv+i21Hvpxp3Dx+pSD8lIPt8uVjRrxAUt/nbswYc+tK6Y2btiULjd4+fnq15PX+nqQDC7Oft7WkwcA==
    dependencies:
      lru-cache "^6.0.0"
  
  tslib@^2:
    version "2.6.2"
    resolved "https://registry.yarnpkg.com/tslib/-/tslib-2.6.2.tgz#703ac29425e7b37cd6fd456e92404d46d1f3e4ae"
    integrity sha512-AEYxH93jGFPn/a2iVAwW87VuUIkR1FVUKB77NwMF7nBTDkDrrT/Hpt/IrCJ0QXhW27jTBDcf5ZY7w6RiqTMw2Q==
  
  typescript@^5:
    version "5.3.2"
    resolved "https://registry.yarnpkg.com/typescript/-/typescript-5.3.2.tgz#00d1c7c1c46928c5845c1ee8d0cc2791031d4c43"
    integrity sha512-6l+RyNy7oAHDfxC4FzSJcz9vnjTKxrLpDG5M2Vu4SHRVNg6xzqZp6LYSR9zjqQTu8DU/f5xwxUdADOkbrIX2gQ==
  
  undici-types@~5.26.4:
    version "5.26.5"
    resolved "https://registry.yarnpkg.com/undici-types/-/undici-types-5.26.5.tgz#bcd539893d00b56e964fd2657a4866b221a65617"
    integrity sha512-JlCMO+ehdEIKqlFxk6IfVoAUVmgz7cU7zD/h9XZ0qzeosSHmUJVOzSQvvYSYWXkFXC+IfLKSIffhv0sVZup6pA==
  
  yallist@^4.0.0:
    version "4.0.0"
    resolved "https://registry.yarnpkg.com/yallist/-/yallist-4.0.0.tgz#9bb92790d9c0effec63be73519e11a35019a3a72"
    integrity sha512-3wdGidZyq5PB084XLES5TpOSRA3wjXAlIWMhum2kRcv/41Sn2emQ0dycQW4uZXLejwKvg6EsvbdlVL+FYEct7A==
